Trying manual resume from /dev/disk/by-id/ata-Hitachi_HTS547575A9E384_J1140021DU7GYJ-part5
Invoking userspace resume from /dev/disk/by-id/ata-Hitachi_HTS547575A9E384_J1140021DU7GYJ-part5
resume: libgcrypt version: 1.5.4
Trying manual resume from /dev/disk/by-id/ata-Hitachi_HTS547575A9E384_J1140021DU7GYJ-part5
Invoking in-kernel resume from /dev/disk/by-id/ata-Hitachi_HTS547575A9E384_J1140021DU7GYJ-part5
Waiting for device /dev/root to appear:  ok
fsck from util-linux 2.23.2
[/sbin/fsck.ext4 (1) -- /] fsck.ext4 -a /dev/sda6 
/dev/sda6: clean, 586401/1313280 files, 4622949/5242880 blocks
fsck succeeded. Mounting root device read-write.
Mounting root /dev/root
mount -o rw,acl,user_xattr -t ext4 /dev/root /root

Welcome to [0;32mopenSUSE 13.1 (Bottle) (x86_64)[0m!

         Starting Replay Read-Ahead Data...
         Starting Collect Read-Ahead Data...
[[32m  OK  [0m] Reached target System Time Synchronized.
[[32m  OK  [0m] Listening on Syslog Socket.
[[32m  OK  [0m] Reached target Remote File Systems (Pre).
[[32m  OK  [0m] Reached target Remote File Systems.
[[32m  OK  [0m] Listening on Delayed Shutdown Socket.
[[32m  OK  [0m] Listening on /dev/initctl Compatibility Named Pipe.
[[32m  OK  [0m] Listening on LVM2 metadata daemon socket.
[[32m  OK  [0m] Listening on Journal Socket.
         Starting Create dynamic rule for /dev/root link...
         Starting LSB: Set default boot entry if called...
         Starting Journal Service...
[[32m  OK  [0m] Started Journal Service.
         Mounting Debug File System...
         Mounting POSIX Message Queue File System...
[[32m  OK  [0m] Listening on udev Kernel Socket.
[[32m  OK  [0m] Listening on udev Control Socket.
[[32m  OK  [0m] Reached target Encrypted Volumes.
         Mounting Huge Pages File System...
         Starting Create list of required static device nodes for the current kernel...
[[32m  OK  [0m] Set up automount Arbitrary Executable File Formats File System Automount Point.
         Expecting device dev-disk-by\x2did-ata\x2dHitachi_HTS547575A9E384_J1140021DU7GYJ\x2dpart5.device...
         Expecting device dev-disk-by\x2did-ata\x2dHitachi_HTS547575A9E384_J1140021DU7GYJ\x2dpart7.device...
[[32m  OK  [0m] Created slice Root Slice.
[[32m  OK  [0m] Created slice User and Session Slice.
[[32m  OK  [0m] Created slice System Slice.
[[32m  OK  [0m] Created slice system-getty.slice.
[[32m  OK  [0m] Reached target Slices.
         Expecting device dev-disk-by\x2did-ata\x2dHitachi_HTS547575A9E384_J1140021DU7GYJ\x2dpart8.device...
[[32m  OK  [0m] Started Collect Read-Ahead Data.
[[32m  OK  [0m] Started Replay Read-Ahead Data.
[[32m  OK  [0m] Mounted Debug File System.
[[32m  OK  [0m] Mounted POSIX Message Queue File System.
[[32m  OK  [0m] Mounted Huge Pages File System.
         Starting Load Kernel Modules...
         Starting Setup Virtual Console...
         Starting Remount Root and Kernel File Systems...
%G[[32m  OK  [0m] Started Create list of required static device nodes for the current kernel.
         Starting Create static device nodes in /dev...
[[32m  OK  [0m] Started Remount Root and Kernel File Systems.
         Starting Load/Save Random Seed...
[[32m  OK  [0m] Started Load/Save Random Seed.
[[32m  OK  [0m] Started Create dynamic rule for /dev/root link.
[[32m  OK  [0m] Started Setup Virtual Console.
         Starting udev Coldplug all Devices...
[[32m  OK  [0m] Started udev Coldplug all Devices.
         Starting Show Plymouth Boot Screen...
[[32m  OK  [0m] Started Load Kernel Modules.
         Starting Apply Kernel Variables...
[[32m  OK  [0m] Started Apply Kernel Variables.
[[32m  OK  [0m] Started LSB: Set default boot entry if called.
[[32m  OK  [0m] Started Create static device nodes in /dev.
         Starting udev Kernel Device Manager...
[[32m  OK  [0m] Reached target Local File Systems (Pre).
         Mounting Lock Directory...
         Mounting Runtime Directory...
[[32m  OK  [0m] Started udev Kernel Device Manager.
[[32m  OK  [0m] Mounted Lock Directory.
[[32m  OK  [0m] Mounted Runtime Directory.
[[32m  OK  [0m] Started Show Plymouth Boot Screen.
         Starting Load/Save Screen Backlight Brightness of acpi_video0...
[[32m  OK  [0m] Started Load/Save Screen Backlight Brightness of acpi_video0.
[[32m  OK  [0m] Reached target Sound Card.
         Starting Show Plymouth Boot Screen...
[[32m  OK  [0m] Started Show Plymouth Boot Screen.
[[32m  OK  [0m] Found device Hitachi_HTS547575A9E384.
         Starting File System Check on /dev/disk/by-id/ata-Hitachi_HTS547575A9E384_J1140021DU7GYJ-part8...
[[32m  OK  [0m] Found device Hitachi_HTS547575A9E384.
         Activating swap /dev/disk/by-id/ata-Hitachi_HTS547575A9E384_J1140021DU7GYJ-part5...
systemd-fsck[588]: /dev/sda8: clean, 112/6561792 files, 460764/26215680 blocks
[[32m  OK  [0m] Started File System Check on /dev/disk/by-id/ata-Hitachi_HTS547575A9E384_J1140021DU7GYJ-part8.
         Mounting /usr/local...
[[32m  OK  [0m] Activated swap /dev/disk/by-id/ata-Hitachi_HTS547575A9E384_J1140021DU7GYJ-part5.
[[32m  OK  [0m] Reached target Swap.
[[32m  OK  [0m] Found device Hitachi_HTS547575A9E384.
         Starting File System Check on /dev/disk/by-id/ata-Hitachi_HTS547575A9E384_J1140021DU7GYJ-part7...
systemd-fsck[596]: /dev/sda7: clean, 342107/9371648 files, 13946955/37469440 blocks
[[32m  OK  [0m] Mounted /usr/local.
[[32m  OK  [0m] Started File System Check on /dev/disk/by-id/ata-Hitachi_HTS547575A9E384_J1140021DU7GYJ-part7.
         Mounting /home...
[[32m  OK  [0m] Mounted /home.
[[32m  OK  [0m] Reached target Local File Systems.
         Starting Tell Plymouth To Write Out Runtime Data...
         Starting Recreate Volatile Files and Directories...
         Starting Trigger Flushing of Journal to Persistent Storage...
[[32m  OK  [0m] Started Trigger Flushing of Journal to Persistent Storage.
[[32m  OK  [0m] Started Tell Plymouth To Write Out Runtime Data.
[[32m  OK  [0m] Started Recreate Volatile Files and Directories.
         Starting LSB: AppArmor initialization...
         Starting Update UTMP about System Reboot/Shutdown...
[[32m  OK  [0m] Started Update UTMP about System Reboot/Shutdown.
[[32m  OK  [0m] Started LSB: AppArmor initialization.
[[32m  OK  [0m] Reached target System Initialization.
[[32m  OK  [0m] Listening on CUPS Printing Service Sockets.
[[32m  OK  [0m] Listening on PC/SC Smart Card Daemon Activation Socket.
[[32m  OK  [0m] Listening on Avahi mDNS/DNS-SD Stack Activation Socket.
[[32m  OK  [0m] Reached target Paths.
[[32m  OK  [0m] Listening on D-Bus System Message Bus Socket.
[[32m  OK  [0m] Reached target Sockets.
[[32m  OK  [0m] Reached target Timers.
         Starting Restore Sound Card State...
[[32m  OK  [0m] Reached target Basic System.
         Starting Bluetooth service...
         Starting D-Bus System Message Bus...
[[32m  OK  [0m] Started D-Bus System Message Bus.
         Starting LSB: VirtualBox Linux Additions kernel modules...
         Starting Avahi mDNS/DNS-SD Stack...
         Starting WPA Supplicant daemon...
         Starting System Logging Service...
         Starting VirtualBox Linux kernel module...
         Starting Modem Manager...
         Starting Name Service Cache Daemon...
[[32m  OK  [0m] Started Name Service Cache Daemon.
         Starting Login Service...
         Starting Permit User Sessions...
         Starting Network Manager...
[[32m  OK  [0m] Started Restore Sound Card State.
[[32m  OK  [0m] Started Permit User Sessions.
         Starting LSB: X Display Manager...
[[1;31mFAILED[0m] Failed to start LSB: VirtualBox Linux Additions kernel modules.
See 'systemctl status vboxadd.service' for details.
         Starting LSB: VirtualBox Additions service...
[[1;31mFAILED[0m] Failed to start LSB: VirtualBox Additions service.
See 'systemctl status vboxadd-service.service' for details.
[[32m  OK  [0m] Started WPA Supplicant daemon.
[[32m  OK  [0m] Started Avahi mDNS/DNS-SD Stack.
         Starting Authorization Manager...
[[32m  OK  [0m] Started Login Service.
[[32m  OK  [0m] Started Bluetooth service.
[[32m  OK  [0m] Reached target Bluetooth.
[[32m  OK  [0m] Stopped target Bluetooth.
[[32m  OK  [0m] Started System Logging Service.
         Starting Hostname Service...
[[32m  OK  [0m] Started Authorization Manager.
[[32m  OK  [0m] Started Modem Manager.
[[32m  OK  [0m] Started LSB: X Display Manager.
[[32m  OK  [0m] Started Hostname Service.
[[32m  OK  [0m] Started VirtualBox Linux kernel module.
         Starting vboxballoonctrl-service.service...
         Starting vboxweb-service.service...
         Starting vboxautostart-service.service...
[[32m  OK  [0m] Started vboxweb-service.service.
[[32m  OK  [0m] Started vboxautostart-service.service.
[[32m  OK  [0m] Started vboxballoonctrl-service.service.
